! Use setxkbmap -option to reset keymappings
! Use xmodmap -pke > xmodmap_current.lst to save current mappings to file.
! Use :
! setxkbmap -option lv3:rwin_switch
! and:
! xmodmap edited_file.lst
! to load mappings. 

! Clear arrow keys
keycode 111 =
keycode 113 =
keycode 114 =
keycode 116 =

! Remap hjkl to arrow keys
!keycode  43 = h H h H Left Left Left
!keycode  44 = j J j J Down Down Down 
!keycode  45 = k K k K Up Up Up
!keycode  46 = l L l L Right Right Right

! Fix modifiers
!keycode  37 = Control_L NoSymbol Control_L
!keycode  50 = Shift_L ISO_Next_Group Shift_L ISO_Next_Group