! --------------------------------------------------------------------------------
!  Xmodmap config I use for media and vim keys on the Thinkpad X1Y3
!
! Save default config for reference:
!   xmodmap -pke > ~/.dotfiles_linuxMint/keymappings/xmodmap_current_X1Y3.lst
!
! See current keycodes with xev
!
! Usage: 
!  ln -srf scripts/customkeys-config.lst ~/.customkeys-config.lst
!   xmodmap ~/.customkeys-config.lst
!
! Restore default config with:
!   setxkbmap -option
! --------------------------------------------------------------------------------

! Media keys ---------------------------------------------------------------------

! Music
keysym Up = XF86AudioPlay uparrow
keysym Prior = XF86AudioPrev Prior
keysym Next = XF86AudioNext Next

! Screenshots
! PrintScr as context menu, Use Super to activate PrintScr (in desktop-keybindings.conf)
keysym Print = Menu NoSymbol Menu

! Vim keys -----------------------------------------------------------------------

! Use AltGr as the modifier key  
! Use AltGr + Caps_Lock as regular AltGr
keycode 108 = Mode_switch NoSymbol ISO_Level3_Shift ISO_Level3_Shift

! Fix level3 characters I use (altGr + key)
keysym q = q Q at Greek_OMEGA at Greek_OMEGA at
keysym braceright = braceright bracketright dead_grave braceright dead_grave braceright dead_grave
keysym braceleft = braceleft bracketleft dead_circumflex braceleft dead_circumflex braceleft dead_circumflex
keysym plus = plus asterisk asciitilde dead_macron asciitilde
keysym apostrophe = apostrophe question backslash questiondown backslash questiondown backslash

! Caps lock as Mode_switch (later mapped to escape)
! Shift + Caps lock as Caps lock
keysym Caps_Lock = Mode_switch Caps_Lock Mode_switch

keysym h = h H Left Left Left
keysym l = l L Right Right Right
keysym k = k K Up Up Up
keysym j = j J Down Down Down 
keysym i = i I Home Home Home
keysym o = o O End End End
keysym u = u U Prior Prior Prior
keysym p = p P Next Next Next

! Disable other arrow keys
keysym Left = Mode_switch leftarrow
keysym Right = Mode_switch rightarrow
keysym Down = Mode_switch downarrow

! Numbers 
!----------------------------------------------------------
keysym c = c C 1 1
keysym v = v V 2 2
keysym b = b B 3 3
keysym d = d D 4 4
keysym f = f F 5 5
keysym g = g G 6 6
keysym e = e E 7 7
keysym r = r R 8 8
keysym t = t T 9 9
keysym space = space space 0 0 space
